mode: set
backend/allCatsHandlers.go:22.48,25.26 2 0
backend/allCatsHandlers.go:25.26,27.3 1 0
backend/allCatsHandlers.go:29.2,29.16 1 0
backend/allCatsHandlers.go:32.45,35.2 2 0
backend/allCatsHandlers.go:37.46,43.16 4 0
backend/allCatsHandlers.go:43.16,46.3 2 0
backend/allCatsHandlers.go:48.2,57.37 6 0
backend/allCatsHandlers.go:60.46,65.16 4 0
backend/allCatsHandlers.go:65.16,68.3 2 0
backend/allCatsHandlers.go:70.2,72.34 3 0
backend/apiConverter.go:10.17,14.16 2 0
backend/apiConverter.go:14.16,16.3 1 0
backend/apiConverter.go:18.2,22.16 3 0
backend/apiConverter.go:22.16,24.3 1 0
backend/apiConverter.go:25.2,27.18 3 0
backend/app.go:13.45,14.71 1 0
backend/app.go:14.71,17.3 2 0
backend/app.go:20.28,34.2 10 0
backend/app.go:40.60,42.58 1 0
backend/app.go:42.58,44.62 1 0
backend/app.go:44.62,46.17 1 0
backend/app.go:46.17,47.41 1 0
backend/app.go:47.41,52.6 3 0
backend/app.go:54.4,54.23 1 0
backend/app.go:58.3,60.36 3 0
backend/homeHandler.go:5.65,28.2 3 0
backend/logger.go:5.36,12.2 3 0
backend/main.go:10.13,22.2 5 0
backend/oneCatHandlers.go:5.43,9.46 3 0
backend/oneCatHandlers.go:9.46,12.3 2 0
backend/oneCatHandlers.go:12.8,15.3 2 0
backend/allCatsHandlers.go:22.48,25.26 2 0
backend/allCatsHandlers.go:25.26,27.3 1 0
backend/allCatsHandlers.go:29.2,29.16 1 0
backend/allCatsHandlers.go:32.45,35.2 2 0
backend/allCatsHandlers.go:37.46,43.16 4 0
backend/allCatsHandlers.go:43.16,46.3 2 0
backend/allCatsHandlers.go:48.2,57.37 6 0
backend/allCatsHandlers.go:60.46,65.16 4 0
backend/allCatsHandlers.go:65.16,68.3 2 0
backend/allCatsHandlers.go:70.2,72.34 3 0
backend/apiConverter.go:10.17,14.16 2 0
backend/apiConverter.go:14.16,16.3 1 0
backend/apiConverter.go:18.2,22.16 3 0
backend/apiConverter.go:22.16,24.3 1 0
backend/apiConverter.go:25.2,27.18 3 0
backend/app.go:13.45,14.71 1 0
backend/app.go:14.71,17.3 2 0
backend/app.go:20.28,34.2 10 0
backend/app.go:40.60,42.58 1 0
backend/app.go:42.58,44.62 1 0
backend/app.go:44.62,46.17 1 0
backend/app.go:46.17,47.41 1 0
backend/app.go:47.41,52.6 3 0
backend/app.go:54.4,54.23 1 0
backend/app.go:58.3,60.36 3 0
backend/homeHandler.go:5.65,28.2 3 0
backend/logger.go:5.36,12.2 3 0
backend/main.go:10.13,22.2 5 0
backend/oneCatHandlers.go:5.43,9.46 3 0
backend/oneCatHandlers.go:9.46,12.3 2 0
backend/oneCatHandlers.go:12.8,15.3 2 0
backend/allCatsHandlers.go:22.48,25.26 2 0
backend/allCatsHandlers.go:25.26,27.3 1 0
backend/allCatsHandlers.go:29.2,29.16 1 0
backend/allCatsHandlers.go:32.45,35.2 2 0
backend/allCatsHandlers.go:37.46,43.16 4 1
backend/allCatsHandlers.go:43.16,46.3 2 1
backend/allCatsHandlers.go:48.2,57.37 6 1
backend/allCatsHandlers.go:60.46,65.16 4 1
backend/allCatsHandlers.go:65.16,68.3 2 1
backend/allCatsHandlers.go:70.2,72.34 3 1
backend/apiConverter.go:10.17,14.16 2 1
backend/apiConverter.go:14.16,16.3 1 0
backend/apiConverter.go:18.2,22.16 3 1
backend/apiConverter.go:22.16,24.3 1 0
backend/apiConverter.go:25.2,27.18 3 1
backend/app.go:13.45,14.71 1 1
backend/app.go:14.71,17.3 2 0
backend/app.go:20.28,34.2 10 1
backend/app.go:40.60,42.58 1 1
backend/app.go:42.58,44.62 1 0
backend/app.go:44.62,46.17 1 0
backend/app.go:46.17,47.41 1 0
backend/app.go:47.41,52.6 3 0
backend/app.go:54.4,54.23 1 0
backend/app.go:58.3,60.36 3 0
backend/homeHandler.go:5.65,28.2 3 0
backend/logger.go:5.36,12.2 3 1
backend/main.go:10.13,22.2 5 0
backend/oneCatHandlers.go:5.43,9.46 3 1
backend/oneCatHandlers.go:9.46,12.3 2 1
backend/oneCatHandlers.go:12.8,15.3 2 1
backend/allCatsHandlers.go:22.48,25.26 2 0
backend/allCatsHandlers.go:25.26,27.3 1 0
backend/allCatsHandlers.go:29.2,29.16 1 0
backend/allCatsHandlers.go:32.45,35.2 2 0
backend/allCatsHandlers.go:37.46,43.16 4 0
backend/allCatsHandlers.go:43.16,46.3 2 0
backend/allCatsHandlers.go:48.2,57.37 6 0
backend/allCatsHandlers.go:60.46,65.16 4 0
backend/allCatsHandlers.go:65.16,68.3 2 0
backend/allCatsHandlers.go:70.2,72.34 3 0
backend/apiConverter.go:10.17,14.16 2 0
backend/apiConverter.go:14.16,16.3 1 0
backend/apiConverter.go:18.2,22.16 3 0
backend/apiConverter.go:22.16,24.3 1 0
backend/apiConverter.go:25.2,27.18 3 0
backend/app.go:13.45,14.71 1 0
backend/app.go:14.71,17.3 2 0
backend/app.go:20.28,34.2 10 0
backend/app.go:40.60,42.58 1 0
backend/app.go:42.58,44.62 1 0
backend/app.go:44.62,46.17 1 0
backend/app.go:46.17,47.41 1 0
backend/app.go:47.41,52.6 3 0
backend/app.go:54.4,54.23 1 0
backend/app.go:58.3,60.36 3 0
backend/homeHandler.go:5.65,28.2 3 0
backend/logger.go:5.36,12.2 3 0
backend/main.go:10.13,22.2 5 0
backend/oneCatHandlers.go:5.43,9.46 3 0
backend/oneCatHandlers.go:9.46,12.3 2 0
backend/oneCatHandlers.go:12.8,15.3 2 0
